<?xml version="1.0" encoding="UTF-8"?>
<testng-results skipped="0" failed="0" ignored="0" total="1" passed="1">
  <reporter-output>
  </reporter-output>
  <suite name="Default suite" duration-ms="5453" started-at="2021-02-24T04:52:50Z" finished-at="2021-02-24T04:52:55Z">
    <groups>
    </groups>
    <test name="Default test" duration-ms="5453" started-at="2021-02-24T04:52:50Z" finished-at="2021-02-24T04:52:55Z">
      <class name="test.Testcase1">
        <test-method status="PASS" signature="setup()[pri:0, instance:test.Testcase1@2eda0940]" name="setup" is-config="true" duration-ms="1805" started-at="2021-02-24T04:52:50Z" finished-at="2021-02-24T04:52:52Z">
          <reporter-output>
          </reporter-output>
        </test-method> <!-- setup -->
        <test-method status="PASS" signature="LoginTest()[pri:0, instance:test.Testcase1@2eda0940]" name="LoginTest" duration-ms="3548" started-at="2021-02-24T04:52:52Z" finished-at="2021-02-24T04:52:55Z">
          <reporter-output>
          </reporter-output>
        </test-method> <!-- LoginTest -->
        <test-method status="PASS" signature="CloseBrowser()[pri:0, instance:test.Testcase1@2eda0940]" name="CloseBrowser" is-config="true" duration-ms="77" started-at="2021-02-24T04:52:55Z" finished-at="2021-02-24T04:52:55Z">
          <reporter-output>
          </reporter-output>
        </test-method> <!-- CloseBrowser -->
      </class> <!-- test.Testcase1 -->
    </test> <!-- Default test -->
  </suite> <!-- Default suite -->
</testng-results>
